[15:01:10 INF] Configured endpoint convert-video-job, Consumer: JobService.Components.ConvertVideoJobConsumer
[15:01:10 INF] Configured endpoint video-converted, Consumer: JobService.Service.Components.VideoConvertedConsumer
[15:01:10 DBG] Starting bus instances: IBus
[15:01:10 DBG] Starting bus: rabbitmq://ecas-rabbit/
[15:01:10 DBG] Connect: ecas@ecas-rabbit:5672/
[15:01:10 DBG] Connected: ecas@ecas-rabbit:5672/ (address: amqp://ecas-rabbit:5672, local: 52904)
[15:01:10 DBG] Endpoint Ready: rabbitmq://ecas-rabbit/DESKTOPDR96G2O_JobServiceService_bus_o1zyyybemohbe74fbdprsrhwgu?temporary=true
[15:01:10 DBG] Declare queue: name: instance-o1zyyybemohbjp6qbdprsrhwgh, auto-delete, consumer-count: 0 message-count: 0
[15:01:10 DBG] Declare queue: name: job-attempt, durable, consumer-count: 0 message-count: 0
[15:01:10 DBG] Declare queue: name: job, durable, consumer-count: 0 message-count: 0
[15:01:10 DBG] Declare queue: name: job-type, durable, consumer-count: 0 message-count: 0
[15:01:10 DBG] Declare exchange: name: job, type: fanout, durable
[15:01:10 DBG] Declare exchange: name: instance-o1zyyybemohbjp6qbdprsrhwgh, type: fanout, auto-delete
[15:01:10 DBG] Declare exchange: name: job-type, type: fanout, durable
[15:01:10 DBG] Declare exchange: name: job-attempt, type: fanout, durable
[15:01:10 DBG] Declare exchange: name: MassTransit.Contracts.JobService:CancelJob, type: fanout, durable
[15:01:10 DBG] Declare exchange: name: MassTransit.Contracts.JobService:JobAttemptCanceled, type: fanout, durable
[15:01:10 DBG] Declare exchange: name: MassTransit.Contracts.JobService:JobSubmitted, type: fanout, durable
[15:01:10 DBG] Declare exchange: name: MassTransit.Contracts.JobService:SetConcurrentJobLimit, type: fanout, durable
[15:01:10 DBG] Declare exchange: name: MassTransit.Contracts.JobService:JobAttemptStarted, type: fanout, durable
[15:01:10 DBG] Declare exchange: name: MassTransit.Contracts.JobService:JobAttemptCanceled, type: fanout, durable
[15:01:10 DBG] Declare exchange: name: MassTransit.Contracts.JobService:JobAttemptFaulted, type: fanout, durable
[15:01:10 DBG] Bind queue: source: job-type, destination: job-type
[15:01:10 DBG] Declare exchange: name: MassTransit.Contracts.JobService:JobAttemptStarted, type: fanout, durable
[15:01:10 DBG] Declare exchange: name: MassTransit.Contracts.JobService:JobAttemptCompleted, type: fanout, durable
[15:01:10 DBG] Declare exchange: name: MassTransit.Contracts.JobService:JobAttemptFaulted, type: fanout, durable
[15:01:10 DBG] Bind queue: source: instance-o1zyyybemohbjp6qbdprsrhwgh, destination: instance-o1zyyybemohbjp6qbdprsrhwgh
[15:01:10 DBG] Declare exchange: name: MassTransit.Contracts.JobService:JobAttemptCompleted, type: fanout, durable
[15:01:10 DBG] Bind queue: source: job-attempt, destination: job-attempt
[15:01:10 DBG] Declare exchange: name: MassTransit.Contracts.JobService:JobCompleted, type: fanout, durable
[15:01:10 DBG] Bind queue: source: job, destination: job
[15:01:10 DBG] Bind exchange: source: MassTransit.Contracts.JobService:SetConcurrentJobLimit, destination: job-type
[15:01:10 DBG] Bind exchange: source: MassTransit.Contracts.JobService:CancelJob, destination: instance-o1zyyybemohbjp6qbdprsrhwgh
[15:01:10 DBG] Bind exchange: source: MassTransit.Contracts.JobService:JobAttemptCanceled, destination: job-attempt
[15:01:10 DBG] Bind exchange: source: MassTransit.Contracts.JobService:JobSubmitted, destination: job
[15:01:10 DBG] Bind exchange: source: MassTransit.Contracts.JobService:JobAttemptStarted, destination: job-attempt
[15:01:10 DBG] Bind exchange: source: MassTransit.Contracts.JobService:JobAttemptCanceled, destination: job
[15:01:10 DBG] Bind exchange: source: MassTransit.Contracts.JobService:JobAttemptFaulted, destination: job-attempt
[15:01:10 DBG] Bind exchange: source: MassTransit.Contracts.JobService:JobAttemptStarted, destination: job
[15:01:10 DBG] Bind exchange: source: MassTransit.Contracts.JobService:JobAttemptCompleted, destination: job-attempt
[15:01:10 DBG] Bind exchange: source: MassTransit.Contracts.JobService:JobAttemptFaulted, destination: job
[15:01:10 DBG] Bind exchange: source: MassTransit.Contracts.JobService:JobAttemptCompleted, destination: job
[15:01:10 DBG] Bind exchange: source: MassTransit.Contracts.JobService:JobCompleted, destination: job
[15:01:10 DBG] Consumer Ok: rabbitmq://ecas-rabbit/job-attempt - amq.ctag-ew85h0HmM1RwKeE3NDolOg
[15:01:10 DBG] Consumer Ok: rabbitmq://ecas-rabbit/job - amq.ctag-JVuaEN4dE-jMg8MmwFjgBA
[15:01:10 DBG] Consumer Ok: rabbitmq://ecas-rabbit/job-type - amq.ctag-i02NOKjQEDxiyJxia5ZQpQ
[15:01:10 DBG] Endpoint Ready: rabbitmq://ecas-rabbit/job-attempt
[15:01:10 DBG] Endpoint Ready: rabbitmq://ecas-rabbit/job
[15:01:10 DBG] Consumer Ok: rabbitmq://ecas-rabbit/instance-o1zyyybemohbjp6qbdprsrhwgh?temporary=true - amq.ctag-gwBxAL7p9LwxFjIRW04jDw
[15:01:10 DBG] Endpoint Ready: rabbitmq://ecas-rabbit/job-type
[15:01:10 DBG] Endpoint Ready: rabbitmq://ecas-rabbit/instance-o1zyyybemohbjp6qbdprsrhwgh?temporary=true
[15:01:10 DBG] Declare queue: name: video-converted, durable, consumer-count: 0 message-count: 0
[15:01:10 DBG] Declare queue: name: convert-video-job, durable, consumer-count: 0 message-count: 0
[15:01:10 DBG] Declare exchange: name: video-converted, type: fanout, durable
[15:01:10 DBG] Declare exchange: name: convert-video-job, type: fanout, durable
[15:01:10 DBG] Declare exchange: name: JobService.Components:VideoConverted, type: fanout, durable
[15:01:10 DBG] Declare exchange: name: MassTransit.Contracts.JobService:SubmitJob--JobService.Components:ConvertVideo--, type: fanout, durable
[15:01:10 DBG] Bind queue: source: video-converted, destination: video-converted
[15:01:10 DBG] Declare exchange: name: JobService.Components:ConvertVideo, type: fanout, durable
[15:01:10 DBG] Bind queue: source: convert-video-job, destination: convert-video-job
[15:01:10 DBG] Bind exchange: source: MassTransit.Contracts.JobService:SubmitJob--JobService.Components:ConvertVideo--, destination: convert-video-job
[15:01:10 DBG] Bind exchange: source: JobService.Components:VideoConverted, destination: video-converted
[15:01:10 DBG] Bind exchange: source: JobService.Components:ConvertVideo, destination: convert-video-job
[15:01:10 DBG] Consumer Ok: rabbitmq://ecas-rabbit/video-converted - amq.ctag-TD28-KVl4_Be3BsAakTpfQ
[15:01:10 DBG] Endpoint Ready: rabbitmq://ecas-rabbit/video-converted
[15:01:10 DBG] Consumer Ok: rabbitmq://ecas-rabbit/convert-video-job - amq.ctag--eCIbq-X3Xb-R5NEtUsrxQ
[15:01:10 DBG] Endpoint Ready: rabbitmq://ecas-rabbit/convert-video-job
[15:01:10 DBG] Job Service starting: rabbitmq://ecas-rabbit/instance-o1zyyybemohbjp6qbdprsrhwgh?temporary=true
[15:01:10 DBG] Job Service type: JobService.Components.ConvertVideo
[15:01:10 DBG] Declare exchange: name: MassTransit.Contracts.JobService:SetConcurrentJobLimit, type: fanout, durable
[15:01:11 DBG] SEND rabbitmq://ecas-rabbit/MassTransit.Contracts.JobService:SetConcurrentJobLimit 84ae0000-285c-3814-1dfe-08da4b13956e MassTransit.Contracts.JobService.SetConcurrentJobLimit
[15:01:11 INF] Job Service started: rabbitmq://ecas-rabbit/instance-o1zyyybemohbjp6qbdprsrhwgh?temporary=true
[15:01:11 INF] Bus started: rabbitmq://ecas-rabbit/
[15:01:12 DBG] SAGA:MassTransit.JobTypeSaga:9f941aa7-8485-4de4-163a-2f3e3b4289d0 Created MassTransit.Contracts.JobService.SetConcurrentJobLimit
[15:01:12 DBG] SAGA:MassTransit.JobTypeSaga:9f941aa7-8485-4de4-163a-2f3e3b4289d0 Added MassTransit.Contracts.JobService.SetConcurrentJobLimit
[15:01:12 DBG] Job Service Instance Started: rabbitmq://ecas-rabbit/instance-o1zyyybemohbjp6qbdprsrhwgh?temporary=true
[15:01:12 DBG] Concurrent Job Limit: 1
[15:01:13 DBG] RECEIVE rabbitmq://ecas-rabbit/job-type 84ae0000-285c-3814-1dfe-08da4b13956e MassTransit.Contracts.JobService.SetConcurrentJobLimit MassTransit.JobTypeSaga(00:00:01.8127824)
